#
# There is insufficient memory for the Java Runtime Environment to continue.
# Native memory allocation (malloc) failed to allocate 1280 bytes for OopMapCacheEntry in C:\jdk7u2_64p\jdk7u17\hotspot\src\share\vm\interpreter\oopMapCache.cpp
# Possible reasons:
#   The system is out of physical RAM or swap space
#   In 32 bit mode, the process size limit was hit
# Possible solutions:
#   Reduce memory load on the system
#   Increase physical memory or swap space
#   Check if swap backing store is full
#   Use 64 bit Java on a 64 bit OS
#   Decrease Java heap size (-Xmx/-Xms)
#   Decrease number of Java threads
#   Decrease Java thread stack sizes (-Xss)
#   Set larger code cache with -XX:ReservedCodeCacheSize=
# This output file may be truncated or incomplete.
#
#  Out of Memory Error (memory/allocation.inline.hpp:58), pid=2028, tid=5960
#
# JRE version: 7.0_17-b02
# Java VM: Java HotSpot(TM) 64-Bit Server VM (23.7-b01 mixed mode windows-amd64 compressed oops)
# Failed to write core dump. Minidumps are not enabled by default on client versions of Windows
#

---------------  T H R E A D  ---------------

Current thread (0x00000000025c5000):  GCTaskThread [stack: 0x0000000002830000,0x0000000002930000] [id=5960]

Stack: [0x0000000002830000,0x0000000002930000]
JavaThread 0x000000000266e000 (nid = 1700) was being processed
Java frames: (J=compiled Java code, j=interpreted, Vv=VM code)
j  java.lang.Object.wait(J)V+0
j  java.lang.Object.wait()V+2
j  java.lang.ref.Reference$ReferenceHandler.run()V+46
v  ~StubRoutines::call_stub

---------------  P R O C E S S  ---------------

Java Threads: ( => current thread )
  0x000000000b788000 JavaThread "Service Thread" daemon [_thread_blocked, id=7656, stack(0x000000000d640000,0x000000000d840000)]
  0x000000000b784000 JavaThread "C2 CompilerThread1" daemon [_thread_blocked, id=7616, stack(0x000000000c6a0000,0x000000000c7a0000)]
  0x000000000b77a000 JavaThread "C2 CompilerThread0" daemon [_thread_blocked, id=7048, stack(0x000000000d360000,0x000000000d460000)]
  0x000000000b779000 JavaThread "Attach Listener" daemon [_thread_blocked, id=3432, stack(0x000000000d040000,0x000000000d240000)]
  0x000000000b772800 JavaThread "Signal Dispatcher" daemon [_thread_blocked, id=8072, stack(0x000000000ce00000,0x000000000d000000)]
  0x000000000266f800 JavaThread "Finalizer" daemon [_thread_blocked, id=4672, stack(0x000000000caf0000,0x000000000ccf0000)]
  0x000000000266e000 JavaThread "Reference Handler" daemon [_thread_blocked, id=1700, stack(0x000000000c8e0000,0x000000000cae0000)]
  0x000000000035c800 JavaThread "main" [_thread_blocked, id=3900, stack(0x0000000002980000,0x0000000002b80000)]

Other Threads:
  0x000000000b6d3800 VMThread [stack: 0x000000000c7e0000,0x000000000c8e0000] [id=5296]
  0x000000000b791000 WatcherThread [stack: 0x000000000d890000,0x000000000d990000] [id=7500]

=>0x00000000025c5000 (exited) GCTaskThread [stack: 0x0000000002830000,0x0000000002930000] [id=5960]

VM state:at safepoint (normal execution)

VM Mutex/Monitor currently owned by a thread:  ([mutex/lock_event])
[0x000000000035a020] OopMapCacheAlloc_lock - owner thread: 0x00000000025c5000
[0x000000000035abd0] Threads_lock - owner thread: 0x000000000b6d3800
[0x000000000035b0d0] Heap_lock - owner thread: 0x000000000035c800

Heap
 PSYoungGen      total 35712K, used 30656K [0x00000000d8200000, 0x00000000da9d0000, 0x0000000100000000)
  eden space 30656K, 100% used [0x00000000d8200000,0x00000000d9ff0000,0x00000000d9ff0000)
  from space 5056K, 0% used [0x00000000da4e0000,0x00000000da4e0000,0x00000000da9d0000)
  to   space 5056K, 27% used [0x00000000d9ff0000,0x00000000da14a548,0x00000000da4e0000)
 ParOldGen       total 81664K, used 8K [0x0000000088600000, 0x000000008d5c0000, 0x00000000d8200000)
  object space 81664K, 0% used [0x0000000088600000,0x0000000088602000,0x000000008d5c0000)
 PSPermGen       total 21248K, used 2909K [0x0000000083400000, 0x00000000848c0000, 0x0000000088600000)
  object space 21248K, 13% used [0x0000000083400000,0x00000000836d7610,0x00000000848c0000)

Card table byte_map: [0x0000000005b80000,0x0000000005f70000] byte_map_base: 0x0000000005766000

Polling page: 0x0000000000340000

Code Cache  [0x0000000002b80000, 0x0000000002df0000, 0x0000000005b80000)
 total_blobs=246 nmethods=59 adapters=139 free_code_cache=48657Kb largest_free_block=49790976

Compilation events (10 events):
Event: 3.049 Thread 0x000000000b77a000 nmethod 54 0x0000000002bf9e90 code [0x0000000002bf9fc0, 0x0000000002bfa038]
Event: 3.050 Thread 0x000000000b784000 nmethod 55 0x0000000002bf3b10 code [0x0000000002bf3c60, 0x0000000002bf3d88]
Event: 3.055 Thread 0x000000000b77a000   56             java.util.ArrayList::ensureCapacityInternal (26 bytes)
Event: 3.056 Thread 0x000000000b77a000 nmethod 56 0x0000000002bf3890 code [0x0000000002bf39e0, 0x0000000002bf3a68]
Event: 3.056 Thread 0x000000000b77a000   57             java.lang.Character::toString (5 bytes)
Event: 3.057 Thread 0x000000000b77a000 nmethod 57 0x0000000002bf3510 code [0x0000000002bf3660, 0x0000000002bf3798]
Event: 3.057 Thread 0x000000000b77a000   58             java.lang.String::valueOf (18 bytes)
Event: 3.059 Thread 0x000000000b77a000 nmethod 58 0x0000000002bf3190 code [0x0000000002bf32e0, 0x0000000002bf3418]
Event: 3.113 Thread 0x000000000b77a000    1 %           com.yahoo.platform.yui.compressor.JavaScriptCompressor::<clinit> @ 400 (3130 bytes)
Event: 3.175 Thread 0x000000000b77a000 nmethod 1% 0x0000000002c00290 code [0x0000000002c005e0, 0x0000000002c02028]

GC Heap History (1 events):
Event: 3.235 GC heap before
{Heap before GC invocations=1 (full 0):
 PSYoungGen      total 35712K, used 30656K [0x00000000d8200000, 0x00000000da9d0000, 0x0000000100000000)
  eden space 30656K, 100% used [0x00000000d8200000,0x00000000d9ff0000,0x00000000d9ff0000)
  from space 5056K, 0% used [0x00000000da4e0000,0x00000000da4e0000,0x00000000da9d0000)
  to   space 5056K, 0% used [0x00000000d9ff0000,0x00000000d9ff0000,0x00000000da4e0000)
 ParOldGen       total 81664K, used 0K [0x0000000088600000, 0x000000008d5c0000, 0x00000000d8200000)
  object space 81664K, 0% used [0x0000000088600000,0x0000000088600000,0x000000008d5c0000)
 PSPermGen       total 21248K, used 2909K [0x0000000083400000, 0x00000000848c0000, 0x0000000088600000)
  object space 21248K, 13% used [0x0000000083400000,0x00000000836d7610,0x00000000848c0000)

Deoptimization events (0 events):
No events

Internal exceptions (4 events):
Event: 2.193 Thread 0x000000000035c800 Threw 0x00000000d82061a8 at C:\jdk7u2_64p\jdk7u17\hotspot\src\share\vm\prims\jni.cpp:3994
Event: 2.738 Thread 0x000000000035c800 Threw 0x00000000d8299ab0 at C:\jdk7u2_64p\jdk7u17\hotspot\src\share\vm\prims\jvm.cpp:1166
Event: 2.748 Thread 0x000000000035c800 Threw 0x00000000d82a6098 at C:\jdk7u2_64p\jdk7u17\hotspot\src\share\vm\prims\jvm.cpp:1166
Event: 2.750 Thread 0x000000000035c800 Threw 0x00000000d82ad4a0 at C:\jdk7u2_64p\jdk7u17\hotspot\src\share\vm\prims\jvm.cpp:1166

Events (10 events):
Event: 2.889 loading class 0x000000000266c9b0 done
Event: 2.889 loading class 0x000000000266c8b0
Event: 2.889 loading class 0x000000000266c8b0 done
Event: 2.928 loading class 0x000000000b6de6f0
Event: 2.928 loading class 0x000000000b6de6f0 done
Event: 2.928 loading class 0x000000000266aaf0
Event: 2.928 loading class 0x000000000266aaf0 done
Event: 2.937 loading class 0x000000000263e430
Event: 2.937 loading class 0x000000000263e430 done
Event: 3.195 Executing VM operation: ParallelGCFailedAllocation


Dynamic libraries:
0x000000013f380000 - 0x000000013f3b3000 	C:\Windows\system32\java.exe
0x0000000077290000 - 0x0000000077439000 	C:\Windows\SYSTEM32\ntdll.dll
0x0000000077170000 - 0x000000007728f000 	C:\Windows\system32\kernel32.dll
0x000007fefd500000 - 0x000007fefd56c000 	C:\Windows\system32\KERNELBASE.dll
0x000007fefee20000 - 0x000007fefeefb000 	C:\Windows\system32\ADVAPI32.dll
0x000007feff500000 - 0x000007feff59f000 	C:\Windows\system32\msvcrt.dll
0x000007feff4e0000 - 0x000007feff4ff000 	C:\Windows\SYSTEM32\sechost.dll
0x000007feff000000 - 0x000007feff12d000 	C:\Windows\system32\RPCRT4.dll
0x0000000077070000 - 0x000000007716a000 	C:\Windows\system32\USER32.dll
0x000007fefeb50000 - 0x000007fefebb7000 	C:\Windows\system32\GDI32.dll
0x000007fefe890000 - 0x000007fefe89e000 	C:\Windows\system32\LPK.dll
0x000007feff410000 - 0x000007feff4d9000 	C:\Windows\system32\USP10.dll
0x000007fefc290000 - 0x000007fefc484000 	C:\Windows\WinSxS\amd64_microsoft.windows.common-controls_6595b64144ccf1df_6.0.7601.17514_none_fa396087175ac9ac\COMCTL32.dll
0x000007fefe8f0000 - 0x000007fefe961000 	C:\Windows\system32\SHLWAPI.dll
0x000007fefdad0000 - 0x000007fefdafe000 	C:\Windows\system32\IMM32.DLL
0x000007fefd5b0000 - 0x000007fefd6b9000 	C:\Windows\system32\MSCTF.dll
0x000007fefd190000 - 0x000007fefd1d4000 	C:\Windows\system32\nvinitx.dll
0x000000006d810000 - 0x000000006d8e1000 	D:\java\jre\bin\msvcr100.dll
0x0000000063b50000 - 0x000000006426f000 	D:\java\jre\bin\server\jvm.dll
0x000007fef1360000 - 0x000007fef1369000 	C:\Windows\system32\WSOCK32.dll
0x000007fefe8a0000 - 0x000007fefe8ed000 	C:\Windows\system32\WS2_32.dll
0x000007fefdac0000 - 0x000007fefdac8000 	C:\Windows\system32\NSI.dll
0x000007fefa890000 - 0x000007fefa8cb000 	C:\Windows\system32\WINMM.dll
0x0000000077450000 - 0x0000000077457000 	C:\Windows\system32\PSAPI.DLL
0x0000000072ed0000 - 0x0000000072edf000 	D:\java\jre\bin\verify.dll
0x000000006e790000 - 0x000000006e7b8000 	D:\java\jre\bin\java.dll
0x000000006f450000 - 0x000000006f465000 	D:\java\jre\bin\zip.dll

VM Arguments:
jvm_args: -Xss2048k 
java_command: C:\Users\Administrator\AppData\Roaming\npm\node_modules\node-minify\lib/yuicompressor-2.4.8.jar ../plugins/rate/demo/js/jquery.min.js -o ../plugins/rate/demo/js/jquery.min.js --type js
Launcher Type: SUN_STANDARD

Environment Variables:
PATH=C:\Program Files (x86)\NVIDIA Corporation\PhysX\Common;C:\Program Files\Broadcom\Broadcom 802.11 Network Adapter\Driver;C:\Windows\system32;C:\Windows;C:\Windows\System32\Wbem;C:\Windows\System32\WindowsPowerShell\v1.0\;C:\Program Files (x86)\Intel\OpenCL SDK\2.0\bin\x86;C:\Program Files (x86)\Intel\OpenCL SDK\2.0\bin\x64;D:\Program Files\Lenovo\Bluetooth Software\;D:\Program Files\Lenovo\Bluetooth Software\syswow64;D:\Program Files (x86)\Subversion\bin;D:\Program Files\TortoiseSVN\bin;G:\My Documents\svn\default-software\app\Vim\ctags58;G:\app\nodejs\;D:\Program Files (x86)\MySQL\MySQL Server 5.1\bin;d:\Program Files (x86)\Git\cmd;d:\Program Files (x86)\Git\bin;D:\Program Files\TortoiseGit\bin;C:\Users\Administrator\AppData\Roaming\npm
USERNAME=Administrator
OS=Windows_NT
PROCESSOR_IDENTIFIER=Intel64 Family 6 Model 42 Stepping 7, GenuineIntel



---------------  S Y S T E M  ---------------

OS: Windows 7 , 64 bit Build 7601 Service Pack 1

CPU:total 4 (2 cores per cpu, 2 threads per core) family 6 model 42 stepping 7, cmov, cx8, fxsr, mmx, sse, sse2, sse3, ssse3, sse4.1, sse4.2, popcnt, avx, ht, tsc, tscinvbit

Memory: 4k page, physical 7834160k(2542408k free), swap 7832312k(7960k free)

vm_info: Java HotSpot(TM) 64-Bit Server VM (23.7-b01) for windows-amd64 JRE (1.7.0_17-b02), built on Mar  1 2013 03:38:30 by "java_re" with unknown MS VC++:1600

time: Sun Aug 04 19:11:10 2013
elapsed time: 3 seconds

